This is pdfTeX, Version 3.1415926-2.5-1.40.14 (TeX Live 2013/Debian) (format=pdflatex 2016.9.14)  14 SEP 2016 16:13
entering extended mode
 restricted \write18 enabled.
 %&-line parsing enabled.
**Numero2.tex
(./Numero2.tex
LaTeX2e <2011/06/27>
Babel <3.9h> and hyphenation patterns for 4 languages loaded.

! LaTeX Error: Missing \begin{document}.

See the LaTeX manual or LaTeX Companion for explanation.
Type  H <return>  for immediate help.
 ...                                              
                                                  
l.1 \noindent
             {\textbf{Eficiencia energ√©tica}} \\
You're in trouble here.  Try typing  <return>  to proceed.
If that doesn't work, type  X <return>  to quit.

Missing character: There is no √ in font cmbx10!
Missing character: There is no © in font cmbx10!
)
! Emergency stop.
<*> Numero2.tex
               
*** (job aborted, no legal \end found)

 
Here is how much of TeX's memory you used:
 8 strings out of 494985
 158 string characters out of 6180356
 46094 words of memory out of 5000000
 3324 multiletter control sequences out of 15000+600000
 3948 words of font info for 15 fonts, out of 8000000 for 9000
 36 hyphenation exceptions out of 8191
 13i,1n,10p,75b,69s stack positions out of 5000i,500n,10000p,200000b,80000s
!  ==> Fatal error occurred, no output PDF file produced!
